# JRE version: OpenJDK Runtime Environment (8.0_112-b06) (build 1.8.0_112-release-b06)
# Java VM: OpenJDK 64-Bit Server VM (25.112-b06 mixed mode windows-amd64 compressed oops)
Heap:
 PSYoungGen      total 97280K, used 1776K [0x00000000eab00000, 0x00000000f1880000, 0x0000000100000000)
  eden space 86528K, 0% used [0x00000000eab00000,0x00000000eab00000,0x00000000eff80000)
  from space 10752K, 16% used [0x00000000f0e00000,0x00000000f0fbc240,0x00000000f1880000)
  to   space 12800K, 0% used [0x00000000eff80000,0x00000000eff80000,0x00000000f0c00000)
 ParOldGen       total 100352K, used 15276K [0x00000000c0000000, 0x00000000c6200000, 0x00000000eab00000)
  object space 100352K, 15% used [0x00000000c0000000,0x00000000c0eeb0a0,0x00000000c6200000)
 Metaspace       used 36314K, capacity 37116K, committed 37376K, reserved 1085440K
  class space    used 4778K, capacity 4993K, committed 5120K, reserved 1048576K
GC Heap History (10 events):
Event: 7.343 GC heap before
{Heap before GC invocations=7 (full 1):
 PSYoungGen      total 38400K, used 37520K [0x00000000eab00000, 0x00000000ef000000, 0x0000000100000000)
  eden space 33280K, 100% used [0x00000000eab00000,0x00000000ecb80000,0x00000000ecb80000)
  from space 5120K, 82% used [0x00000000ecb80000,0x00000000ecfa4218,0x00000000ed080000)
  to   space 10752K, 0% used [0x00000000ee580000,0x00000000ee580000,0x00000000ef000000)
 ParOldGen       total 63488K, used 8429K [0x00000000c0000000, 0x00000000c3e00000, 0x00000000eab00000)
  object space 63488K, 13% used [0x00000000c0000000,0x00000000c083b4d8,0x00000000c3e00000)
 Metaspace       used 28044K, capacity 28594K, committed 28800K, reserved 1075200K
  class space    used 3750K, capacity 3923K, committed 3968K, reserved 1048576K
Event: 7.360 GC heap after
Heap after GC invocations=7 (full 1):
 PSYoungGen      total 59904K, used 7234K [0x00000000eab00000, 0x00000000ef280000, 0x0000000100000000)
  eden space 49152K, 0% used [0x00000000eab00000,0x00000000eab00000,0x00000000edb00000)
  from space 10752K, 67% used [0x00000000ee580000,0x00000000eec90868,0x00000000ef000000)
  to   space 10752K, 0% used [0x00000000edb00000,0x00000000edb00000,0x00000000ee580000)
 ParOldGen       total 63488K, used 8437K [0x00000000c0000000, 0x00000000c3e00000, 0x00000000eab00000)
  object space 63488K, 13% used [0x00000000c0000000,0x00000000c083d4d8,0x00000000c3e00000)
 Metaspace       used 28044K, capacity 28594K, committed 28800K, reserved 1075200K
  class space    used 3750K, capacity 3923K, committed 3968K, reserved 1048576K
}
Event: 9.251 GC heap before
{Heap before GC invocations=8 (full 1):
 PSYoungGen      total 59904K, used 56386K [0x00000000eab00000, 0x00000000ef280000, 0x0000000100000000)
  eden space 49152K, 100% used [0x00000000eab00000,0x00000000edb00000,0x00000000edb00000)
  from space 10752K, 67% used [0x00000000ee580000,0x00000000eec90868,0x00000000ef000000)
  to   space 10752K, 0% used [0x00000000edb00000,0x00000000edb00000,0x00000000ee580000)
 ParOldGen       total 63488K, used 8437K [0x00000000c0000000, 0x00000000c3e00000, 0x00000000eab00000)
  object space 63488K, 13% used [0x00000000c0000000,0x00000000c083d4d8,0x00000000c3e00000)
 Metaspace       used 33147K, capacity 33900K, committed 34176K, reserved 1079296K
  class space    used 4459K, capacity 4633K, committed 4736K, reserved 1048576K
Event: 9.263 GC heap after
Heap after GC invocations=8 (full 1):
 PSYoungGen      total 59904K, used 10065K [0x00000000eab00000, 0x00000000f0b00000, 0x0000000100000000)
  eden space 49152K, 0% used [0x00000000eab00000,0x00000000eab00000,0x00000000edb00000)
  from space 10752K, 93% used [0x00000000edb00000,0x00000000ee4d45f0,0x00000000ee580000)
  to   space 11776K, 0% used [0x00000000eff80000,0x00000000eff80000,0x00000000f0b00000)
 ParOldGen       total 63488K, used 8464K [0x00000000c0000000, 0x00000000c3e00000, 0x00000000eab00000)
  object space 63488K, 13% used [0x00000000c0000000,0x00000000c0844128,0x00000000c3e00000)
 Metaspace       used 33147K, capacity 33900K, committed 34176K, reserved 1079296K
  class space    used 4459K, capacity 4633K, committed 4736K, reserved 1048576K
}
Event: 10.243 GC heap before
{Heap before GC invocations=9 (full 1):
 PSYoungGen      total 59904K, used 23793K [0x00000000eab00000, 0x00000000f0b00000, 0x0000000100000000)
  eden space 49152K, 27% used [0x00000000eab00000,0x00000000eb868000,0x00000000edb00000)
  from space 10752K, 93% used [0x00000000edb00000,0x00000000ee4d45f0,0x00000000ee580000)
  to   space 11776K, 0% used [0x00000000eff80000,0x00000000eff80000,0x00000000f0b00000)
 ParOldGen       total 63488K, used 8464K [0x00000000c0000000, 0x00000000c3e00000, 0x00000000eab00000)
  object space 63488K, 13% used [0x00000000c0000000,0x00000000c0844128,0x00000000c3e00000)
 Metaspace       used 34521K, capacity 35272K, committed 35416K, reserved 1079296K
  class space    used 4641K, capacity 4833K, committed 4864K, reserved 1048576K
Event: 10.252 GC heap after
Heap after GC invocations=9 (full 1):
 PSYoungGen      total 86016K, used 8666K [0x00000000eab00000, 0x00000000f0c00000, 0x0000000100000000)
  eden space 74240K, 0% used [0x00000000eab00000,0x00000000eab00000,0x00000000ef380000)
  from space 11776K, 73% used [0x00000000eff80000,0x00000000f07f6a38,0x00000000f0b00000)
  to   space 12288K, 0% used [0x00000000ef380000,0x00000000ef380000,0x00000000eff80000)
 ParOldGen       total 63488K, used 8472K [0x00000000c0000000, 0x00000000c3e00000, 0x00000000eab00000)
  object space 63488K, 13% used [0x00000000c0000000,0x00000000c0846128,0x00000000c3e00000)
 Metaspace       used 34521K, capacity 35272K, committed 35416K, reserved 1079296K
  class space    used 4641K, capacity 4833K, committed 4864K, reserved 1048576K
}
Event: 10.252 GC heap before
{Heap before GC invocations=10 (full 2):
 PSYoungGen      total 86016K, used 8666K [0x00000000eab00000, 0x00000000f0c00000, 0x0000000100000000)
  eden space 74240K, 0% used [0x00000000eab00000,0x00000000eab00000,0x00000000ef380000)
  from space 11776K, 73% used [0x00000000eff80000,0x00000000f07f6a38,0x00000000f0b00000)
  to   space 12288K, 0% used [0x00000000ef380000,0x00000000ef380000,0x00000000eff80000)
 ParOldGen       total 63488K, used 8472K [0x00000000c0000000, 0x00000000c3e00000, 0x00000000eab00000)
  object space 63488K, 13% used [0x00000000c0000000,0x00000000c0846128,0x00000000c3e00000)
 Metaspace       used 34521K, capacity 35272K, committed 35416K, reserved 1079296K
  class space    used 4641K, capacity 4833K, committed 4864K, reserved 1048576K
Event: 10.347 GC heap after
Heap after GC invocations=10 (full 2):
 PSYoungGen      total 86016K, used 0K [0x00000000eab00000, 0x00000000f0c00000, 0x0000000100000000)
  eden space 74240K, 0% used [0x00000000eab00000,0x00000000eab00000,0x00000000ef380000)
  from space 11776K, 0% used [0x00000000eff80000,0x00000000eff80000,0x00000000f0b00000)
  to   space 12288K, 0% used [0x00000000ef380000,0x00000000ef380000,0x00000000eff80000)
 ParOldGen       total 100352K, used 15252K [0x00000000c0000000, 0x00000000c6200000, 0x00000000eab00000)
  object space 100352K, 15% used [0x00000000c0000000,0x00000000c0ee5088,0x00000000c6200000)
 Metaspace       used 34499K, capacity 35244K, committed 35416K, reserved 1079296K
  class space    used 4633K, capacity 4825K, committed 4864K, reserved 1048576K
}
Event: 20.490 GC heap before
{Heap before GC invocations=11 (full 2):
 PSYoungGen      total 86016K, used 74240K [0x00000000eab00000, 0x00000000f0c00000, 0x0000000100000000)
  eden space 74240K, 100% used [0x00000000eab00000,0x00000000ef380000,0x00000000ef380000)
  from space 11776K, 0% used [0x00000000eff80000,0x00000000eff80000,0x00000000f0b00000)
  to   space 12288K, 0% used [0x00000000ef380000,0x00000000ef380000,0x00000000eff80000)
 ParOldGen       total 100352K, used 15252K [0x00000000c0000000, 0x00000000c6200000, 0x00000000eab00000)
  object space 100352K, 15% used [0x00000000c0000000,0x00000000c0ee5088,0x00000000c6200000)
 Metaspace       used 35835K, capacity 36662K, committed 37120K, reserved 1081344K
  class space    used 4760K, capacity 4992K, committed 5120K, reserved 1048576K
Event: 20.494 GC heap after
Heap after GC invocations=11 (full 2):
 PSYoungGen      total 86528K, used 2427K [0x00000000eab00000, 0x00000000f1a00000, 0x0000000100000000)
  eden space 74240K, 0% used [0x00000000eab00000,0x00000000eab00000,0x00000000ef380000)
  from space 12288K, 19% used [0x00000000ef380000,0x00000000ef5defa8,0x00000000eff80000)
  to   space 12288K, 0% used [0x00000000f0e00000,0x00000000f0e00000,0x00000000f1a00000)
 ParOldGen       total 100352K, used 15268K [0x00000000c0000000, 0x00000000c6200000, 0x00000000eab00000)
  object space 100352K, 15% used [0x00000000c0000000,0x00000000c0ee90a0,0x00000000c6200000)
 Metaspace       used 35835K, capacity 36662K, committed 37120K, reserved 1081344K
  class space    used 4760K, capacity 4992K, committed 5120K, reserved 1048576K
}

