# JRE version: OpenJDK Runtime Environment (8.0_112-b06) (build 1.8.0_112-release-b06)
# Java VM: OpenJDK 64-Bit Server VM (25.112-b06 mixed mode windows-amd64 compressed oops)
Heap:
 PSYoungGen      total 107008K, used 15581K [0x00000000eab00000, 0x00000000f3780000, 0x0000000100000000)
  eden space 95232K, 7% used [0x00000000eab00000,0x00000000eb2503e0,0x00000000f0800000)
  from space 11776K, 68% used [0x00000000f0800000,0x00000000f0fe70e8,0x00000000f1380000)
  to   space 11776K, 0% used [0x00000000f2c00000,0x00000000f2c00000,0x00000000f3780000)
 ParOldGen       total 98816K, used 14545K [0x00000000c0000000, 0x00000000c6080000, 0x00000000eab00000)
  object space 98816K, 14% used [0x00000000c0000000,0x00000000c0e34530,0x00000000c6080000)
 Metaspace       used 43561K, capacity 44438K, committed 44672K, reserved 1087488K
  class space    used 5735K, capacity 5963K, committed 6016K, reserved 1048576K
GC Heap History (10 events):
Event: 11.743 GC heap before
{Heap before GC invocations=11 (full 1):
 PSYoungGen      total 70144K, used 28374K [0x00000000eab00000, 0x00000000f0980000, 0x0000000100000000)
  eden space 60416K, 31% used [0x00000000eab00000,0x00000000ebd50b70,0x00000000ee600000)
  from space 9728K, 98% used [0x00000000ee600000,0x00000000eef65048,0x00000000eef80000)
  to   space 10752K, 0% used [0x00000000eff00000,0x00000000eff00000,0x00000000f0980000)
 ParOldGen       total 67072K, used 8588K [0x00000000c0000000, 0x00000000c4180000, 0x00000000eab00000)
  object space 67072K, 12% used [0x00000000c0000000,0x00000000c0863058,0x00000000c4180000)
 Metaspace       used 34582K, capacity 35224K, committed 35496K, reserved 1079296K
  class space    used 4631K, capacity 4775K, committed 4864K, reserved 1048576K
Event: 11.752 GC heap after
Heap after GC invocations=11 (full 1):
 PSYoungGen      total 86016K, used 7687K [0x00000000eab00000, 0x00000000f0c80000, 0x0000000100000000)
  eden space 75264K, 0% used [0x00000000eab00000,0x00000000eab00000,0x00000000ef480000)
  from space 10752K, 71% used [0x00000000eff00000,0x00000000f0681db8,0x00000000f0980000)
  to   space 10752K, 0% used [0x00000000ef480000,0x00000000ef480000,0x00000000eff00000)
 ParOldGen       total 67072K, used 8596K [0x00000000c0000000, 0x00000000c4180000, 0x00000000eab00000)
  object space 67072K, 12% used [0x00000000c0000000,0x00000000c0865058,0x00000000c4180000)
 Metaspace       used 34582K, capacity 35224K, committed 35496K, reserved 1079296K
  class space    used 4631K, capacity 4775K, committed 4864K, reserved 1048576K
}
Event: 11.752 GC heap before
{Heap before GC invocations=12 (full 2):
 PSYoungGen      total 86016K, used 7687K [0x00000000eab00000, 0x00000000f0c80000, 0x0000000100000000)
  eden space 75264K, 0% used [0x00000000eab00000,0x00000000eab00000,0x00000000ef480000)
  from space 10752K, 71% used [0x00000000eff00000,0x00000000f0681db8,0x00000000f0980000)
  to   space 10752K, 0% used [0x00000000ef480000,0x00000000ef480000,0x00000000eff00000)
 ParOldGen       total 67072K, used 8596K [0x00000000c0000000, 0x00000000c4180000, 0x00000000eab00000)
  object space 67072K, 12% used [0x00000000c0000000,0x00000000c0865058,0x00000000c4180000)
 Metaspace       used 34582K, capacity 35224K, committed 35496K, reserved 1079296K
  class space    used 4631K, capacity 4775K, committed 4864K, reserved 1048576K
Event: 11.846 GC heap after
Heap after GC invocations=12 (full 2):
 PSYoungGen      total 86016K, used 0K [0x00000000eab00000, 0x00000000f0c80000, 0x0000000100000000)
  eden space 75264K, 0% used [0x00000000eab00000,0x00000000eab00000,0x00000000ef480000)
  from space 10752K, 0% used [0x00000000eff00000,0x00000000eff00000,0x00000000f0980000)
  to   space 10752K, 0% used [0x00000000ef480000,0x00000000ef480000,0x00000000eff00000)
 ParOldGen       total 98816K, used 14457K [0x00000000c0000000, 0x00000000c6080000, 0x00000000eab00000)
  object space 98816K, 14% used [0x00000000c0000000,0x00000000c0e1e520,0x00000000c6080000)
 Metaspace       used 34582K, capacity 35224K, committed 35496K, reserved 1079296K
  class space    used 4631K, capacity 4775K, committed 4864K, reserved 1048576K
}
Event: 13.834 GC heap before
{Heap before GC invocations=13 (full 2):
 PSYoungGen      total 86016K, used 75264K [0x00000000eab00000, 0x00000000f0c80000, 0x0000000100000000)
  eden space 75264K, 100% used [0x00000000eab00000,0x00000000ef480000,0x00000000ef480000)
  from space 10752K, 0% used [0x00000000eff00000,0x00000000eff00000,0x00000000f0980000)
  to   space 10752K, 0% used [0x00000000ef480000,0x00000000ef480000,0x00000000eff00000)
 ParOldGen       total 98816K, used 14457K [0x00000000c0000000, 0x00000000c6080000, 0x00000000eab00000)
  object space 98816K, 14% used [0x00000000c0000000,0x00000000c0e1e520,0x00000000c6080000)
 Metaspace       used 41629K, capacity 42528K, committed 42880K, reserved 1087488K
  class space    used 5550K, capacity 5752K, committed 5760K, reserved 1048576K
Event: 13.842 GC heap after
Heap after GC invocations=13 (full 2):
 PSYoungGen      total 86016K, used 7929K [0x00000000eab00000, 0x00000000f1e80000, 0x0000000100000000)
  eden space 75264K, 0% used [0x00000000eab00000,0x00000000eab00000,0x00000000ef480000)
  from space 10752K, 73% used [0x00000000ef480000,0x00000000efc3e640,0x00000000eff00000)
  to   space 11264K, 0% used [0x00000000f1380000,0x00000000f1380000,0x00000000f1e80000)
 ParOldGen       total 98816K, used 14529K [0x00000000c0000000, 0x00000000c6080000, 0x00000000eab00000)
  object space 98816K, 14% used [0x00000000c0000000,0x00000000c0e30530,0x00000000c6080000)
 Metaspace       used 41629K, capacity 42528K, committed 42880K, reserved 1087488K
  class space    used 5550K, capacity 5752K, committed 5760K, reserved 1048576K
}
Event: 15.607 GC heap before
{Heap before GC invocations=14 (full 2):
 PSYoungGen      total 86016K, used 83193K [0x00000000eab00000, 0x00000000f1e80000, 0x0000000100000000)
  eden space 75264K, 100% used [0x00000000eab00000,0x00000000ef480000,0x00000000ef480000)
  from space 10752K, 73% used [0x00000000ef480000,0x00000000efc3e640,0x00000000eff00000)
  to   space 11264K, 0% used [0x00000000f1380000,0x00000000f1380000,0x00000000f1e80000)
 ParOldGen       total 98816K, used 14529K [0x00000000c0000000, 0x00000000c6080000, 0x00000000eab00000)
  object space 98816K, 14% used [0x00000000c0000000,0x00000000c0e30530,0x00000000c6080000)
 Metaspace       used 42936K, capacity 43856K, committed 44160K, reserved 1087488K
  class space    used 5678K, capacity 5898K, committed 6016K, reserved 1048576K
Event: 15.629 GC heap after
Heap after GC invocations=14 (full 2):
 PSYoungGen      total 106496K, used 9109K [0x00000000eab00000, 0x00000000f1f00000, 0x0000000100000000)
  eden space 95232K, 0% used [0x00000000eab00000,0x00000000eab00000,0x00000000f0800000)
  from space 11264K, 80% used [0x00000000f1380000,0x00000000f1c655a0,0x00000000f1e80000)
  to   space 11776K, 0% used [0x00000000f0800000,0x00000000f0800000,0x00000000f1380000)
 ParOldGen       total 98816K, used 14537K [0x00000000c0000000, 0x00000000c6080000, 0x00000000eab00000)
  object space 98816K, 14% used [0x00000000c0000000,0x00000000c0e32530,0x00000000c6080000)
 Metaspace       used 42936K, capacity 43856K, committed 44160K, reserved 1087488K
  class space    used 5678K, capacity 5898K, committed 6016K, reserved 1048576K
}
Event: 16.753 GC heap before
{Heap before GC invocations=15 (full 2):
 PSYoungGen      total 106496K, used 104341K [0x00000000eab00000, 0x00000000f1f00000, 0x0000000100000000)
  eden space 95232K, 100% used [0x00000000eab00000,0x00000000f0800000,0x00000000f0800000)
  from space 11264K, 80% used [0x00000000f1380000,0x00000000f1c655a0,0x00000000f1e80000)
  to   space 11776K, 0% used [0x00000000f0800000,0x00000000f0800000,0x00000000f1380000)
 ParOldGen       total 98816K, used 14537K [0x00000000c0000000, 0x00000000c6080000, 0x00000000eab00000)
  object space 98816K, 14% used [0x00000000c0000000,0x00000000c0e32530,0x00000000c6080000)
 Metaspace       used 43511K, capacity 44406K, committed 44672K, reserved 1087488K
  class space    used 5729K, capacity 5931K, committed 6016K, reserved 1048576K
Event: 16.768 GC heap after
Heap after GC invocations=15 (full 2):
 PSYoungGen      total 107008K, used 8092K [0x00000000eab00000, 0x00000000f3780000, 0x0000000100000000)
  eden space 95232K, 0% used [0x00000000eab00000,0x00000000eab00000,0x00000000f0800000)
  from space 11776K, 68% used [0x00000000f0800000,0x00000000f0fe70e8,0x00000000f1380000)
  to   space 11776K, 0% used [0x00000000f2c00000,0x00000000f2c00000,0x00000000f3780000)
 ParOldGen       total 98816K, used 14545K [0x00000000c0000000, 0x00000000c6080000, 0x00000000eab00000)
  object space 98816K, 14% used [0x00000000c0000000,0x00000000c0e34530,0x00000000c6080000)
 Metaspace       used 43511K, capacity 44406K, committed 44672K, reserved 1087488K
  class space    used 5729K, capacity 5931K, committed 6016K, reserved 1048576K
}

