# JRE version: OpenJDK Runtime Environment (8.0_112-b06) (build 1.8.0_112-release-b06)
# Java VM: OpenJDK 64-Bit Server VM (25.112-b06 mixed mode windows-amd64 compressed oops)
Heap:
 PSYoungGen      total 163328K, used 40326K [0x00000000eab00000, 0x00000000f7c80000, 0x0000000100000000)
  eden space 151040K, 26% used [0x00000000eab00000,0x00000000ed2618f0,0x00000000f3e80000)
  from space 12288K, 0% used [0x00000000f4a00000,0x00000000f4a00000,0x00000000f5600000)
  to   space 11776K, 0% used [0x00000000f3e80000,0x00000000f3e80000,0x00000000f4a00000)
 ParOldGen       total 74240K, used 13820K [0x00000000c0000000, 0x00000000c4880000, 0x00000000eab00000)
  object space 74240K, 18% used [0x00000000c0000000,0x00000000c0d7f1e0,0x00000000c4880000)
 Metaspace       used 36199K, capacity 36996K, committed 37376K, reserved 1081344K
  class space    used 4836K, capacity 5046K, committed 5120K, reserved 1048576K
GC Heap History (10 events):
Event: 10.910 GC heap before
{Heap before GC invocations=6 (full 1):
 PSYoungGen      total 71680K, used 66560K [0x00000000eab00000, 0x00000000ef600000, 0x0000000100000000)
  eden space 66560K, 100% used [0x00000000eab00000,0x00000000eec00000,0x00000000eec00000)
  from space 5120K, 0% used [0x00000000ef100000,0x00000000ef100000,0x00000000ef600000)
  to   space 5120K, 0% used [0x00000000eec00000,0x00000000eec00000,0x00000000ef100000)
 ParOldGen       total 60928K, used 8460K [0x00000000c0000000, 0x00000000c3b80000, 0x00000000eab00000)
  object space 60928K, 13% used [0x00000000c0000000,0x00000000c0843048,0x00000000c3b80000)
 Metaspace       used 25971K, capacity 26434K, committed 26752K, reserved 1073152K
  class space    used 3565K, capacity 3703K, committed 3712K, reserved 1048576K
Event: 10.923 GC heap after
Heap after GC invocations=6 (full 1):
 PSYoungGen      total 71680K, used 5109K [0x00000000eab00000, 0x00000000f2480000, 0x0000000100000000)
  eden space 66560K, 0% used [0x00000000eab00000,0x00000000eab00000,0x00000000eec00000)
  from space 5120K, 99% used [0x00000000eec00000,0x00000000ef0fd6d8,0x00000000ef100000)
  to   space 10752K, 0% used [0x00000000f1a00000,0x00000000f1a00000,0x00000000f2480000)
 ParOldGen       total 60928K, used 10910K [0x00000000c0000000, 0x00000000c3b80000, 0x00000000eab00000)
  object space 60928K, 17% used [0x00000000c0000000,0x00000000c0aa78e8,0x00000000c3b80000)
 Metaspace       used 25971K, capacity 26434K, committed 26752K, reserved 1073152K
  class space    used 3565K, capacity 3703K, committed 3712K, reserved 1048576K
}
Event: 12.755 GC heap before
{Heap before GC invocations=7 (full 1):
 PSYoungGen      total 71680K, used 71669K [0x00000000eab00000, 0x00000000f2480000, 0x0000000100000000)
  eden space 66560K, 100% used [0x00000000eab00000,0x00000000eec00000,0x00000000eec00000)
  from space 5120K, 99% used [0x00000000eec00000,0x00000000ef0fd6d8,0x00000000ef100000)
  to   space 10752K, 0% used [0x00000000f1a00000,0x00000000f1a00000,0x00000000f2480000)
 ParOldGen       total 60928K, used 10910K [0x00000000c0000000, 0x00000000c3b80000, 0x00000000eab00000)
  object space 60928K, 17% used [0x00000000c0000000,0x00000000c0aa78e8,0x00000000c3b80000)
 Metaspace       used 28423K, capacity 28996K, committed 29440K, reserved 1075200K
  class space    used 3851K, capacity 4000K, committed 4096K, reserved 1048576K
Event: 12.765 GC heap after
Heap after GC invocations=7 (full 1):
 PSYoungGen      total 108544K, used 6012K [0x00000000eab00000, 0x00000000f2180000, 0x0000000100000000)
  eden space 100864K, 0% used [0x00000000eab00000,0x00000000eab00000,0x00000000f0d80000)
  from space 7680K, 78% used [0x00000000f1a00000,0x00000000f1fdf218,0x00000000f2180000)
  to   space 10240K, 0% used [0x00000000f0d80000,0x00000000f0d80000,0x00000000f1780000)
 ParOldGen       total 60928K, used 10918K [0x00000000c0000000, 0x00000000c3b80000, 0x00000000eab00000)
  object space 60928K, 17% used [0x00000000c0000000,0x00000000c0aa98e8,0x00000000c3b80000)
 Metaspace       used 28423K, capacity 28996K, committed 29440K, reserved 1075200K
  class space    used 3851K, capacity 4000K, committed 4096K, reserved 1048576K
}
Event: 15.692 GC heap before
{Heap before GC invocations=8 (full 1):
 PSYoungGen      total 108544K, used 106876K [0x00000000eab00000, 0x00000000f2180000, 0x0000000100000000)
  eden space 100864K, 100% used [0x00000000eab00000,0x00000000f0d80000,0x00000000f0d80000)
  from space 7680K, 78% used [0x00000000f1a00000,0x00000000f1fdf218,0x00000000f2180000)
  to   space 10240K, 0% used [0x00000000f0d80000,0x00000000f0d80000,0x00000000f1780000)
 ParOldGen       total 60928K, used 10918K [0x00000000c0000000, 0x00000000c3b80000, 0x00000000eab00000)
  object space 60928K, 17% used [0x00000000c0000000,0x00000000c0aa98e8,0x00000000c3b80000)
 Metaspace       used 34395K, capacity 35072K, committed 35496K, reserved 1079296K
  class space    used 4606K, capacity 4771K, committed 4864K, reserved 1048576K
Event: 15.709 GC heap after
Heap after GC invocations=8 (full 1):
 PSYoungGen      total 111104K, used 10218K [0x00000000eab00000, 0x00000000f5600000, 0x0000000100000000)
  eden space 100864K, 0% used [0x00000000eab00000,0x00000000eab00000,0x00000000f0d80000)
  from space 10240K, 99% used [0x00000000f0d80000,0x00000000f177abc0,0x00000000f1780000)
  to   space 12288K, 0% used [0x00000000f4a00000,0x00000000f4a00000,0x00000000f5600000)
 ParOldGen       total 60928K, used 12011K [0x00000000c0000000, 0x00000000c3b80000, 0x00000000eab00000)
  object space 60928K, 19% used [0x00000000c0000000,0x00000000c0bbacb8,0x00000000c3b80000)
 Metaspace       used 34395K, capacity 35072K, committed 35496K, reserved 1079296K
  class space    used 4606K, capacity 4771K, committed 4864K, reserved 1048576K
}
Event: 15.747 GC heap before
{Heap before GC invocations=9 (full 1):
 PSYoungGen      total 111104K, used 14115K [0x00000000eab00000, 0x00000000f5600000, 0x0000000100000000)
  eden space 100864K, 3% used [0x00000000eab00000,0x00000000eaece098,0x00000000f0d80000)
  from space 10240K, 99% used [0x00000000f0d80000,0x00000000f177abc0,0x00000000f1780000)
  to   space 12288K, 0% used [0x00000000f4a00000,0x00000000f4a00000,0x00000000f5600000)
 ParOldGen       total 60928K, used 12011K [0x00000000c0000000, 0x00000000c3b80000, 0x00000000eab00000)
  object space 60928K, 19% used [0x00000000c0000000,0x00000000c0bbacb8,0x00000000c3b80000)
 Metaspace       used 34582K, capacity 35224K, committed 35496K, reserved 1079296K
  class space    used 4624K, capacity 4775K, committed 4864K, reserved 1048576K
Event: 15.760 GC heap after
Heap after GC invocations=9 (full 1):
 PSYoungGen      total 163328K, used 6935K [0x00000000eab00000, 0x00000000f7c80000, 0x0000000100000000)
  eden space 151040K, 0% used [0x00000000eab00000,0x00000000eab00000,0x00000000f3e80000)
  from space 12288K, 56% used [0x00000000f4a00000,0x00000000f50c5ec0,0x00000000f5600000)
  to   space 11776K, 0% used [0x00000000f3e80000,0x00000000f3e80000,0x00000000f4a00000)
 ParOldGen       total 60928K, used 12091K [0x00000000c0000000, 0x00000000c3b80000, 0x00000000eab00000)
  object space 60928K, 19% used [0x00000000c0000000,0x00000000c0bcece0,0x00000000c3b80000)
 Metaspace       used 34582K, capacity 35224K, committed 35496K, reserved 1079296K
  class space    used 4624K, capacity 4775K, committed 4864K, reserved 1048576K
}
Event: 15.760 GC heap before
{Heap before GC invocations=10 (full 2):
 PSYoungGen      total 163328K, used 6935K [0x00000000eab00000, 0x00000000f7c80000, 0x0000000100000000)
  eden space 151040K, 0% used [0x00000000eab00000,0x00000000eab00000,0x00000000f3e80000)
  from space 12288K, 56% used [0x00000000f4a00000,0x00000000f50c5ec0,0x00000000f5600000)
  to   space 11776K, 0% used [0x00000000f3e80000,0x00000000f3e80000,0x00000000f4a00000)
 ParOldGen       total 60928K, used 12091K [0x00000000c0000000, 0x00000000c3b80000, 0x00000000eab00000)
  object space 60928K, 19% used [0x00000000c0000000,0x00000000c0bcece0,0x00000000c3b80000)
 Metaspace       used 34582K, capacity 35224K, committed 35496K, reserved 1079296K
  class space    used 4624K, capacity 4775K, committed 4864K, reserved 1048576K
Event: 15.894 GC heap after
Heap after GC invocations=10 (full 2):
 PSYoungGen      total 163328K, used 0K [0x00000000eab00000, 0x00000000f7c80000, 0x0000000100000000)
  eden space 151040K, 0% used [0x00000000eab00000,0x00000000eab00000,0x00000000f3e80000)
  from space 12288K, 0% used [0x00000000f4a00000,0x00000000f4a00000,0x00000000f5600000)
  to   space 11776K, 0% used [0x00000000f3e80000,0x00000000f3e80000,0x00000000f4a00000)
 ParOldGen       total 74240K, used 13820K [0x00000000c0000000, 0x00000000c4880000, 0x00000000eab00000)
  object space 74240K, 18% used [0x00000000c0000000,0x00000000c0d7f1e0,0x00000000c4880000)
 Metaspace       used 34582K, capacity 35224K, committed 35496K, reserved 1079296K
  class space    used 4624K, capacity 4775K, committed 4864K, reserved 1048576K
}

